<?xml version="1.0" encoding="UTF-8"?>
<!-- Generated by org.testng.reporters.JUnitXMLReporter -->
<testsuite ignored="0" hostname="VikashSharma" failures="0" tests="2" name="Error Validations Test" time="16.416" errors="0" timestamp="31 Mar 2024 02:44:04 GMT">
  <testcase classname="rahulshettyacademy.tests.ErrorValidationsTest" name="LoginErrorValidation" time="0.74"/>
  <testcase classname="rahulshettyacademy.tests.ErrorValidationsTest" name="ProductErrorValidation" time="2.509"/>
</testsuite> <!-- Error Validations Test -->
